INFO:  latexindent version 3.24.7, 2025-08-15, a script to indent .tex files
       latexindent lives here: /usr/local/texlive/2025/texmf-dist/scripts/latexindent/
       Mon Dec  1 00:55:37 2025
       Filenames:
          ./main.tex
          ./src/content.tex
          ./templates/markdown-pandoc-template/main.tex
          ./templates/math-notebook/main.tex
       total number of files: 4
INFO:  Processing switches:
       -w|--overwrite: Overwrite mode active, will make a back up before overwriting
INFO:  Directory for backup files and log file indent.log:
       .
INFO:  YAML settings read: defaultSettings.yaml
       Reading defaultSettings.yaml from /usr/local/texlive/2025/texmf-dist/scripts/latexindent/defaultSettings.yaml
INFO:  YAML reading settings
       Home directory is /home/texlive
       latexindent.pl didn't find indentconfig.yaml or .indentconfig.yaml
       see all possible locations: https://latexindentpl.readthedocs.io/en/latest/sec-appendices.html#indentconfig-options)
INFO:  Filename: ./main.tex (1 of 4)
INFO:  Backup procedure (-w flag active):
       Backing up ./main.tex to ./main.bak0...
       ./main.tex will be overwritten after indentation
INFO:  Phase 1: searching for objects
INFO:  Phase 2: finding surrounding indentation
INFO:  Phase 3: indenting objects
INFO:  Phase 4: final indentation check
INFO:  Output routine:
       Overwriting file ./main.tex
INFO:  Filename: ./src/content.tex (2 of 4)
INFO:  Backup procedure (-w flag active):
       Backing up ./src/content.tex to ./src/content.bak0...
       ./src/content.tex will be overwritten after indentation
INFO:  Phase 1: searching for objects
INFO:  Phase 2: finding surrounding indentation
INFO:  Phase 3: indenting objects
INFO:  Phase 4: final indentation check
INFO:  Output routine:
       Overwriting file ./src/content.tex
INFO:  Filename: ./templates/markdown-pandoc-template/main.tex (3 of 4)
INFO:  Backup procedure (-w flag active):
       Backing up ./templates/markdown-pandoc-template/main.tex to ./templates/markdown-pandoc-template/main.bak0...
       ./templates/markdown-pandoc-template/main.tex will be overwritten after indentation
INFO:  Phase 1: searching for objects
INFO:  Phase 2: finding surrounding indentation
INFO:  Phase 3: indenting objects
INFO:  Phase 4: final indentation check
INFO:  Output routine:
       Overwriting file ./templates/markdown-pandoc-template/main.tex
INFO:  Filename: ./templates/math-notebook/main.tex (4 of 4)
INFO:  Backup procedure (-w flag active):
       Backing up ./templates/math-notebook/main.tex to ./templates/math-notebook/main.bak0...
       ./templates/math-notebook/main.tex will be overwritten after indentation
INFO:  Phase 1: searching for objects
INFO:  Phase 2: finding surrounding indentation
INFO:  Phase 3: indenting objects
INFO:  Phase 4: final indentation check
INFO:  Output routine:
       Overwriting file ./templates/math-notebook/main.tex
       --------------
INFO:  Please direct all communication/issues to:
        https://github.com/cmhughes/latexindent.pl
